This is pdfTeX, Version 3.1415926-2.5-1.40.14 (TeX Live 2013/Debian) (format=pdflatex 2015.2.13)  6 MAY 2015 15:51
entering extended mode
 restricted \write18 enabled.
 %&-line parsing enabled.
**smart_roy_CSCI476_final.tex
(./smart_roy_CSCI476_final.tex
LaTeX2e <2011/06/27>
Babel <3.9h> and hyphenation patterns for 78 languages loaded.
(/usr/share/texlive/texmf-dist/tex/latex/base/article.cls
Document Class: article 2007/10/19 v1.4h Standard LaTeX document class
(/usr/share/texlive/texmf-dist/tex/latex/base/size10.clo
File: size10.clo 2007/10/19 v1.4h Standard LaTeX file (size option)
)
\c@part=\count79
\c@section=\count80
\c@subsection=\count81
\c@subsubsection=\count82
\c@paragraph=\count83
\c@subparagraph=\count84
\c@figure=\count85
\c@table=\count86
\abovecaptionskip=\skip41
\belowcaptionskip=\skip42
\bibindent=\dimen102
)
(/usr/share/texlive/texmf-dist/tex/latex/base/inputenc.sty
Package: inputenc 2008/03/30 v1.1d Input encoding file
\inpenc@prehook=\toks14
\inpenc@posthook=\toks15

(/usr/share/texlive/texmf-dist/tex/latex/base/latin1.def
File: latin1.def 2008/03/30 v1.1d Input encoding file
))
(/usr/share/texlive/texmf-dist/tex/latex/amsmath/amsmath.sty
Package: amsmath 2013/01/14 v2.14 AMS math features
\@mathmargin=\skip43

For additional information on amsmath, use the `?' option.
(/usr/share/texlive/texmf-dist/tex/latex/amsmath/amstext.sty
Package: amstext 2000/06/29 v2.01

(/usr/share/texlive/texmf-dist/tex/latex/amsmath/amsgen.sty
File: amsgen.sty 1999/11/30 v2.0
\@emptytoks=\toks16
\ex@=\dimen103
))
(/usr/share/texlive/texmf-dist/tex/latex/amsmath/amsbsy.sty
Package: amsbsy 1999/11/29 v1.2d
\pmbraise@=\dimen104
)
(/usr/share/texlive/texmf-dist/tex/latex/amsmath/amsopn.sty
Package: amsopn 1999/12/14 v2.01 operator names
)
\inf@bad=\count87
LaTeX Info: Redefining \frac on input line 210.
\uproot@=\count88
\leftroot@=\count89
LaTeX Info: Redefining \overline on input line 306.
\classnum@=\count90
\DOTSCASE@=\count91
LaTeX Info: Redefining \ldots on input line 378.
LaTeX Info: Redefining \dots on input line 381.
LaTeX Info: Redefining \cdots on input line 466.
\Mathstrutbox@=\box26
\strutbox@=\box27
\big@size=\dimen105
LaTeX Font Info:    Redeclaring font encoding OML on input line 566.
LaTeX Font Info:    Redeclaring font encoding OMS on input line 567.
\macc@depth=\count92
\c@MaxMatrixCols=\count93
\dotsspace@=\muskip10
\c@parentequation=\count94
\dspbrk@lvl=\count95
\tag@help=\toks17
\row@=\count96
\column@=\count97
\maxfields@=\count98
\andhelp@=\toks18
\eqnshift@=\dimen106
\alignsep@=\dimen107
\tagshift@=\dimen108
\tagwidth@=\dimen109
\totwidth@=\dimen110
\lineht@=\dimen111
\@envbody=\toks19
\multlinegap=\skip44
\multlinetaggap=\skip45
\mathdisplay@stack=\toks20
LaTeX Info: Redefining \[ on input line 2665.
LaTeX Info: Redefining \] on input line 2666.
)
(/usr/share/texlive/texmf-dist/tex/latex/amsfonts/amsfonts.sty
Package: amsfonts 2013/01/14 v3.01 Basic AMSFonts support
\symAMSa=\mathgroup4
\symAMSb=\mathgroup5
LaTeX Font Info:    Overwriting math alphabet `\mathfrak' in version `bold'
(Font)                  U/euf/m/n --> U/euf/b/n on input line 106.
)
(/usr/share/texlive/texmf-dist/tex/latex/amsfonts/amssymb.sty
Package: amssymb 2013/01/14 v3.01 AMS font symbols
)
(/usr/share/texlive/texmf-dist/tex/latex/graphics/graphicx.sty
Package: graphicx 1999/02/16 v1.0f Enhanced LaTeX Graphics (DPC,SPQR)

(/usr/share/texlive/texmf-dist/tex/latex/graphics/keyval.sty
Package: keyval 1999/03/16 v1.13 key=value parser (DPC)
\KV@toks@=\toks21
)
(/usr/share/texlive/texmf-dist/tex/latex/graphics/graphics.sty
Package: graphics 2009/02/05 v1.0o Standard LaTeX Graphics (DPC,SPQR)

(/usr/share/texlive/texmf-dist/tex/latex/graphics/trig.sty
Package: trig 1999/03/16 v1.09 sin cos tan (DPC)
)
(/usr/share/texlive/texmf-dist/tex/latex/latexconfig/graphics.cfg
File: graphics.cfg 2010/04/23 v1.9 graphics configuration of TeX Live
)
Package graphics Info: Driver file: pdftex.def on input line 91.

(/usr/share/texlive/texmf-dist/tex/latex/pdftex-def/pdftex.def
File: pdftex.def 2011/05/27 v0.06d Graphics/color for pdfTeX

(/usr/share/texlive/texmf-dist/tex/generic/oberdiek/infwarerr.sty
Package: infwarerr 2010/04/08 v1.3 Providing info/warning/error messages (HO)
)
(/usr/share/texlive/texmf-dist/tex/generic/oberdiek/ltxcmds.sty
Package: ltxcmds 2011/11/09 v1.22 LaTeX kernel commands for general use (HO)
)
\Gread@gobject=\count99
))
\Gin@req@height=\dimen112
\Gin@req@width=\dimen113
)
(/usr/share/texlive/texmf-dist/tex/latex/listings/listings.sty
\lst@mode=\count100
\lst@gtempboxa=\box28
\lst@token=\toks22
\lst@length=\count101
\lst@currlwidth=\dimen114
\lst@column=\count102
\lst@pos=\count103
\lst@lostspace=\dimen115
\lst@width=\dimen116
\lst@newlines=\count104
\lst@lineno=\count105
\lst@maxwidth=\dimen117

(/usr/share/texlive/texmf-dist/tex/latex/listings/lstmisc.sty
File: lstmisc.sty 2013/08/26 1.5b (Carsten Heinz)
\c@lstnumber=\count106
\lst@skipnumbers=\count107
\lst@framebox=\box29
)
(/usr/share/texlive/texmf-dist/tex/latex/listings/listings.cfg
File: listings.cfg 2013/08/26 1.5b listings configuration
))
Package: listings 2013/08/26 1.5b (Carsten Heinz)

(/usr/share/texlive/texmf-dist/tex/latex/hyperref/hyperref.sty
Package: hyperref 2012/11/06 v6.83m Hypertext links for LaTeX

(/usr/share/texlive/texmf-dist/tex/generic/oberdiek/hobsub-hyperref.sty
Package: hobsub-hyperref 2012/05/28 v1.13 Bundle oberdiek, subset hyperref (HO)


(/usr/share/texlive/texmf-dist/tex/generic/oberdiek/hobsub-generic.sty
Package: hobsub-generic 2012/05/28 v1.13 Bundle oberdiek, subset generic (HO)
Package: hobsub 2012/05/28 v1.13 Construct package bundles (HO)
Package hobsub Info: Skipping package `infwarerr' (already loaded).
Package hobsub Info: Skipping package `ltxcmds' (already loaded).
Package: ifluatex 2010/03/01 v1.3 Provides the ifluatex switch (HO)
Package ifluatex Info: LuaTeX not detected.
Package: ifvtex 2010/03/01 v1.5 Detect VTeX and its facilities (HO)
Package ifvtex Info: VTeX not detected.
Package: intcalc 2007/09/27 v1.1 Expandable calculations with integers (HO)
Package: ifpdf 2011/01/30 v2.3 Provides the ifpdf switch (HO)
Package ifpdf Info: pdfTeX in PDF mode is detected.
Package: etexcmds 2011/02/16 v1.5 Avoid name clashes with e-TeX commands (HO)
Package etexcmds Info: Could not find \expanded.
(etexcmds)             That can mean that you are not using pdfTeX 1.50 or
(etexcmds)             that some package has redefined \expanded.
(etexcmds)             In the latter case, load this package earlier.
Package: kvsetkeys 2012/04/25 v1.16 Key value parser (HO)
Package: kvdefinekeys 2011/04/07 v1.3 Define keys (HO)
Package: pdftexcmds 2011/11/29 v0.20 Utility functions of pdfTeX for LuaTeX (HO
)
Package pdftexcmds Info: LuaTeX not detected.
Package pdftexcmds Info: \pdf@primitive is available.
Package pdftexcmds Info: \pdf@ifprimitive is available.
Package pdftexcmds Info: \pdfdraftmode found.
Package: pdfescape 2011/11/25 v1.13 Implements pdfTeX's escape features (HO)
Package: bigintcalc 2012/04/08 v1.3 Expandable calculations on big integers (HO
)
Package: bitset 2011/01/30 v1.1 Handle bit-vector datatype (HO)
Package: uniquecounter 2011/01/30 v1.2 Provide unlimited unique counter (HO)
)
Package hobsub Info: Skipping package `hobsub' (already loaded).
Package: letltxmacro 2010/09/02 v1.4 Let assignment for LaTeX macros (HO)
Package: hopatch 2012/05/28 v1.2 Wrapper for package hooks (HO)
Package: xcolor-patch 2011/01/30 xcolor patch
Package: atveryend 2011/06/30 v1.8 Hooks at the very end of document (HO)
Package atveryend Info: \enddocument detected (standard20110627).
Package: atbegshi 2011/10/05 v1.16 At begin shipout hook (HO)
Package: refcount 2011/10/16 v3.4 Data extraction from label references (HO)
Package: hycolor 2011/01/30 v1.7 Color options for hyperref/bookmark (HO)
)
(/usr/share/texlive/texmf-dist/tex/generic/ifxetex/ifxetex.sty
Package: ifxetex 2010/09/12 v0.6 Provides ifxetex conditional
)
(/usr/share/texlive/texmf-dist/tex/latex/oberdiek/auxhook.sty
Package: auxhook 2011/03/04 v1.3 Hooks for auxiliary files (HO)
)
(/usr/share/texlive/texmf-dist/tex/latex/oberdiek/kvoptions.sty
Package: kvoptions 2011/06/30 v3.11 Key value format for package options (HO)
)
\@linkdim=\dimen118
\Hy@linkcounter=\count108
\Hy@pagecounter=\count109

(/usr/share/texlive/texmf-dist/tex/latex/hyperref/pd1enc.def
File: pd1enc.def 2012/11/06 v6.83m Hyperref: PDFDocEncoding definition (HO)
)
\Hy@SavedSpaceFactor=\count110

(/usr/share/texlive/texmf-dist/tex/latex/latexconfig/hyperref.cfg
File: hyperref.cfg 2002/06/06 v1.2 hyperref configuration of TeXLive
)
Package hyperref Info: Hyper figures OFF on input line 4443.
Package hyperref Info: Link nesting OFF on input line 4448.
Package hyperref Info: Hyper index ON on input line 4451.
Package hyperref Info: Plain pages OFF on input line 4458.
Package hyperref Info: Backreferencing OFF on input line 4463.
Package hyperref Info: Implicit mode ON; LaTeX internals redefined.
Package hyperref Info: Bookmarks ON on input line 4688.
\c@Hy@tempcnt=\count111

(/usr/share/texlive/texmf-dist/tex/latex/url/url.sty
\Urlmuskip=\muskip11
Package: url 2013/09/16  ver 3.4  Verb mode for urls, etc.
)
LaTeX Info: Redefining \url on input line 5041.
\XeTeXLinkMargin=\dimen119
\Fld@menulength=\count112
\Field@Width=\dimen120
\Fld@charsize=\dimen121
Package hyperref Info: Hyper figures OFF on input line 6295.
Package hyperref Info: Link nesting OFF on input line 6300.
Package hyperref Info: Hyper index ON on input line 6303.
Package hyperref Info: backreferencing OFF on input line 6310.
Package hyperref Info: Link coloring OFF on input line 6315.
Package hyperref Info: Link coloring with OCG OFF on input line 6320.
Package hyperref Info: PDF/A mode OFF on input line 6325.
LaTeX Info: Redefining \ref on input line 6365.
LaTeX Info: Redefining \pageref on input line 6369.
\Hy@abspage=\count113
\c@Item=\count114
\c@Hfootnote=\count115
)

Package hyperref Message: Driver (autodetected): hpdftex.

(/usr/share/texlive/texmf-dist/tex/latex/hyperref/hpdftex.def
File: hpdftex.def 2012/11/06 v6.83m Hyperref driver for pdfTeX
\Fld@listcount=\count116
\c@bookmark@seq@number=\count117

(/usr/share/texlive/texmf-dist/tex/latex/oberdiek/rerunfilecheck.sty
Package: rerunfilecheck 2011/04/15 v1.7 Rerun checks for auxiliary files (HO)
Package uniquecounter Info: New unique counter `rerunfilecheck' on input line 2
82.
)
\Hy@SectionHShift=\skip46
)
(/usr/share/texlive/texmf-dist/tex/latex/geometry/geometry.sty
Package: geometry 2010/09/12 v5.6 Page Geometry
\Gm@cnth=\count118
\Gm@cntv=\count119
\c@Gm@tempcnt=\count120
\Gm@bindingoffset=\dimen122
\Gm@wd@mp=\dimen123
\Gm@odd@mp=\dimen124
\Gm@even@mp=\dimen125
\Gm@layoutwidth=\dimen126
\Gm@layoutheight=\dimen127
\Gm@layouthoffset=\dimen128
\Gm@layoutvoffset=\dimen129
\Gm@dimlist=\toks23
)
(./smart_roy_CSCI476_final.aux)
\openout1 = `smart_roy_CSCI476_final.aux'.

LaTeX Font Info:    Checking defaults for OML/cmm/m/it on input line 15.
LaTeX Font Info:    ... okay on input line 15.
LaTeX Font Info:    Checking defaults for T1/cmr/m/n on input line 15.
LaTeX Font Info:    ... okay on input line 15.
LaTeX Font Info:    Checking defaults for OT1/cmr/m/n on input line 15.
LaTeX Font Info:    ... okay on input line 15.
LaTeX Font Info:    Checking defaults for OMS/cmsy/m/n on input line 15.
LaTeX Font Info:    ... okay on input line 15.
LaTeX Font Info:    Checking defaults for OMX/cmex/m/n on input line 15.
LaTeX Font Info:    ... okay on input line 15.
LaTeX Font Info:    Checking defaults for U/cmr/m/n on input line 15.
LaTeX Font Info:    ... okay on input line 15.
LaTeX Font Info:    Checking defaults for PD1/pdf/m/n on input line 15.
LaTeX Font Info:    ... okay on input line 15.

(/usr/share/texlive/texmf-dist/tex/context/base/supp-pdf.mkii
[Loading MPS to PDF converter (version 2006.09.02).]
\scratchcounter=\count121
\scratchdimen=\dimen130
\scratchbox=\box30
\nofMPsegments=\count122
\nofMParguments=\count123
\everyMPshowfont=\toks24
\MPscratchCnt=\count124
\MPscratchDim=\dimen131
\MPnumerator=\count125
\makeMPintoPDFobject=\count126
\everyMPtoPDFconversion=\toks25
) (/usr/share/texlive/texmf-dist/tex/latex/oberdiek/epstopdf-base.sty
Package: epstopdf-base 2010/02/09 v2.5 Base part for package epstopdf

(/usr/share/texlive/texmf-dist/tex/latex/oberdiek/grfext.sty
Package: grfext 2010/08/19 v1.1 Manage graphics extensions (HO)
)
Package grfext Info: Graphics extension search list:
(grfext)             [.png,.pdf,.jpg,.mps,.jpeg,.jbig2,.jb2,.PNG,.PDF,.JPG,.JPE
G,.JBIG2,.JB2,.eps]
(grfext)             \AppendGraphicsExtensions on input line 452.

(/usr/share/texlive/texmf-dist/tex/latex/latexconfig/epstopdf-sys.cfg
File: epstopdf-sys.cfg 2010/07/13 v1.3 Configuration of (r)epstopdf for TeX Liv
e
))
\c@lstlisting=\count127
\AtBeginShipoutBox=\box31
Package hyperref Info: Link coloring OFF on input line 15.

(/usr/share/texlive/texmf-dist/tex/latex/hyperref/nameref.sty
Package: nameref 2012/10/27 v2.43 Cross-referencing by name of section

(/usr/share/texlive/texmf-dist/tex/generic/oberdiek/gettitlestring.sty
Package: gettitlestring 2010/12/03 v1.4 Cleanup title references (HO)
)
\c@section@level=\count128
)
LaTeX Info: Redefining \ref on input line 15.
LaTeX Info: Redefining \pageref on input line 15.
LaTeX Info: Redefining \nameref on input line 15.

(./smart_roy_CSCI476_final.out) (./smart_roy_CSCI476_final.out)
\@outlinefile=\write3
\openout3 = `smart_roy_CSCI476_final.out'.


*geometry* driver: auto-detecting
*geometry* detected driver: pdftex
*geometry* verbose mode - [ preamble ] result:
* driver: pdftex
* paper: a4paper
* layout: <same size as paper>
* layoutoffset:(h,v)=(0.0pt,0.0pt)
* modes: 
* h-part:(L,W,R)=(72.26999pt, 452.9679pt, 72.26999pt)
* v-part:(T,H,B)=(72.26999pt, 700.50687pt, 72.26999pt)
* \paperwidth=597.50787pt
* \paperheight=845.04684pt
* \textwidth=452.9679pt
* \textheight=700.50687pt
* \oddsidemargin=0.0pt
* \evensidemargin=0.0pt
* \topmargin=-37.0pt
* \headheight=12.0pt
* \headsep=25.0pt
* \topskip=10.0pt
* \footskip=30.0pt
* \marginparwidth=57.0pt
* \marginparsep=11.0pt
* \columnsep=10.0pt
* \skip\footins=9.0pt plus 4.0pt minus 2.0pt
* \hoffset=0.0pt
* \voffset=0.0pt
* \mag=1000
* \@twocolumnfalse
* \@twosidefalse
* \@mparswitchfalse
* \@reversemarginfalse
* (1in=72.27pt=25.4mm, 1cm=28.453pt)

LaTeX Font Info:    Try loading font information for U+msa on input line 17.
(/usr/share/texlive/texmf-dist/tex/latex/amsfonts/umsa.fd
File: umsa.fd 2013/01/14 v3.01 AMS symbols A
)
LaTeX Font Info:    Try loading font information for U+msb on input line 17.

(/usr/share/texlive/texmf-dist/tex/latex/amsfonts/umsb.fd
File: umsb.fd 2013/01/14 v3.01 AMS symbols B
) [1

{/var/lib/texmf/fonts/map/pdftex/updmap/pdftex.map}] (./smart_roy_CSCI476_final
.toc)
\tf@toc=\write4
\openout4 = `smart_roy_CSCI476_final.toc'.


Overfull \hbox (6.85492pt too wide) in paragraph at lines 29--30
\OT1/cmr/m/n/10 For this round, we were pro-vided with the URL of MHK's main we
b-site: []$\OT1/cmtt/m/n/10 http : / / mthack . me$[]\OT1/cmr/m/n/10 . Intellig
ence[[]]
 []


Underfull \hbox (badness 10000) in paragraph at lines 31--32

 []

<mthack_flags/mylittlepwnie/web.png, id=105, 748.7975pt x 930.47626pt>
File: mthack_flags/mylittlepwnie/web.png Graphic file (type png)

<use mthack_flags/mylittlepwnie/web.png>
Package pdftex.def Info: mthack_flags/mylittlepwnie/web.png used on input line 
33.
(pdftex.def)             Requested size: 181.18439pt x 225.13618pt.
pdfTeX warning (ext4): destination with the same identifier (name{page.1}) has 
been already used, duplicate ignored
<to be read again> 
                   \relax 
l.34 \end{center}
                  [1]
<mthack_flags/mylittlepwnie/source.png, id=115, 589.20125pt x 179.67125pt>
File: mthack_flags/mylittlepwnie/source.png Graphic file (type png)

<use mthack_flags/mylittlepwnie/source.png>
Package pdftex.def Info: mthack_flags/mylittlepwnie/source.png used on input li
ne 36.
(pdftex.def)             Requested size: 221.95676pt x 67.6836pt.

<mthack_flags/mylittlepwnie/js.png, id=116, 805.0075pt x 480.79625pt>
File: mthack_flags/mylittlepwnie/js.png Graphic file (type png)

<use mthack_flags/mylittlepwnie/js.png>
Package pdftex.def Info: mthack_flags/mylittlepwnie/js.png used on input line 3
7.
(pdftex.def)             Requested size: 221.95676pt x 132.5605pt.

<mthack_flags/mylittlepwnie/flag.png, id=117, 429.605pt x 87.32625pt>
File: mthack_flags/mylittlepwnie/flag.png Graphic file (type png)

<use mthack_flags/mylittlepwnie/flag.png>
Package pdftex.def Info: mthack_flags/mylittlepwnie/flag.png used on input line
 40.
(pdftex.def)             Requested size: 226.48395pt x 46.0375pt.
LaTeX Font Info:    Font shape `OT1/cmtt/bx/n' in size <10> not available
(Font)              Font shape `OT1/cmtt/m/n' tried instead on input line 42.
LaTeX Font Info:    Try loading font information for OMS+cmr on input line 45.

(/usr/share/texlive/texmf-dist/tex/latex/base/omscmr.fd
File: omscmr.fd 1999/05/25 v2.5h Standard LaTeX font definitions
)
LaTeX Font Info:    Font shape `OMS/cmr/m/n' in size <10> not available
(Font)              Font shape `OMS/cmsy/m/n' tried instead on input line 45.
 [2 <./mthack_flags/mylittlepwnie/web.png> <./mthack_flags/mylittlepwnie/source
.png> <./mthack_flags/mylittlepwnie/js.png> <./mthack_flags/mylittlepwnie/flag.
png>]
<titan_flags/DiscoveredIn1655/flag.png, id=126, 658.46pt x 176.66pt>
File: titan_flags/DiscoveredIn1655/flag.png Graphic file (type png)

<use titan_flags/DiscoveredIn1655/flag.png>
Package pdftex.def Info: titan_flags/DiscoveredIn1655/flag.png used on input li
ne 56.
(pdftex.def)             Requested size: 226.48395pt x 60.76445pt.

<europa_flags/Th1sTi1m3ItsAMoon/nmap.png, id=127, 967.615pt x 573.14125pt>
File: europa_flags/Th1sTi1m3ItsAMoon/nmap.png Graphic file (type png)

<use europa_flags/Th1sTi1m3ItsAMoon/nmap.png>
Package pdftex.def Info: europa_flags/Th1sTi1m3ItsAMoon/nmap.png used on input 
line 61.
(pdftex.def)             Requested size: 226.48395pt x 134.146pt.

<europa_flags/Th1sTi1m3ItsAMoon/flag.png, id=128, 409.53pt x 97.36375pt>
File: europa_flags/Th1sTi1m3ItsAMoon/flag.png Graphic file (type png)

<use europa_flags/Th1sTi1m3ItsAMoon/flag.png>
Package pdftex.def Info: europa_flags/Th1sTi1m3ItsAMoon/flag.png used on input 
line 65.
(pdftex.def)             Requested size: 226.48395pt x 53.84586pt.

<mercury_flags/TomcatIsAVulnerability/tomcat.png, id=130, 1357.07pt x 727.71875
pt>
File: mercury_flags/TomcatIsAVulnerability/tomcat.png Graphic file (type png)
 <use mercury_flags/TomcatIsAVulnerability/tomcat.png>
Package pdftex.def Info: mercury_flags/TomcatIsAVulnerability/tomcat.png used o
n input line 72.
(pdftex.def)             Requested size: 226.48395pt x 121.44531pt.
 [3 <./titan_flags/DiscoveredIn1655/flag.png> <./europa_flags/Th1sTi1m3ItsAMoon
/nmap.png> <./europa_flags/Th1sTi1m3ItsAMoon/flag.png>]
<mercury_flags/TomcatIsAVulnerability/found.png, id=135, 935.495pt x 82.3075pt>
File: mercury_flags/TomcatIsAVulnerability/found.png Graphic file (type png)
<use mercury_flags/TomcatIsAVulnerability/found.png>
Package pdftex.def Info: mercury_flags/TomcatIsAVulnerability/found.png used on
 input line 76.
(pdftex.def)             Requested size: 226.48395pt x 19.92625pt.

<mercury_flags/TomcatIsAVulnerability/war.png, id=138, 333.245pt x 71.26625pt>
File: mercury_flags/TomcatIsAVulnerability/war.png Graphic file (type png)

<use mercury_flags/TomcatIsAVulnerability/war.png>
Package pdftex.def Info: mercury_flags/TomcatIsAVulnerability/war.png used on i
nput line 79.
(pdftex.def)             Requested size: 226.48395pt x 48.43538pt.

<mercury_flags/TomcatIsAVulnerability/cmd.png, id=139, 646.415pt x 203.76125pt>
File: mercury_flags/TomcatIsAVulnerability/cmd.png Graphic file (type png)
<use mercury_flags/TomcatIsAVulnerability/cmd.png>
Package pdftex.def Info: mercury_flags/TomcatIsAVulnerability/cmd.png used on i
nput line 80.
(pdftex.def)             Requested size: 226.48395pt x 71.39212pt.

Overfull \hbox (2.22221pt too wide) in paragraph at lines 78--82
[] [] 
 []


<mercury_flags/TomcatIsAVulnerability/flag.png, id=140, 717.68124pt x 180.675pt
>
File: mercury_flags/TomcatIsAVulnerability/flag.png Graphic file (type png)
 <use mercury_flags/TomcatIsAVulnerability/flag.png>
Package pdftex.def Info: mercury_flags/TomcatIsAVulnerability/flag.png used on 
input line 83.
(pdftex.def)             Requested size: 226.48395pt x 57.01492pt.

<binary_flags/nextlevel/radare2.png, id=141, 645.41125pt x 359.3425pt>
File: binary_flags/nextlevel/radare2.png Graphic file (type png)

<use binary_flags/nextlevel/radare2.png>
Package pdftex.def Info: binary_flags/nextlevel/radare2.png used on input line 
90.
(pdftex.def)             Requested size: 226.48395pt x 126.09526pt.

<binary_flags/nextlevel/hex_to_ascii.png, id=142, 438.63875pt x 586.19pt>
File: binary_flags/nextlevel/hex_to_ascii.png Graphic file (type png)

<use binary_flags/nextlevel/hex_to_ascii.png>
Package pdftex.def Info: binary_flags/nextlevel/hex_to_ascii.png used on input 
line 91.
(pdftex.def)             Requested size: 135.89174pt x 181.60074pt.
 [4 <./mercury_flags/TomcatIsAVulnerability/tomcat.png> <./mercury_flags/Tomcat
IsAVulnerability/found.png> <./mercury_flags/TomcatIsAVulnerability/war.png> <.
/mercury_flags/TomcatIsAVulnerability/cmd.png> <./mercury_flags/TomcatIsAVulner
ability/flag.png>]
<binary_flags/nextlevel/output.png, id=149, 639.38875pt x 120.45pt>
File: binary_flags/nextlevel/output.png Graphic file (type png)

<use binary_flags/nextlevel/output.png>
Package pdftex.def Info: binary_flags/nextlevel/output.png used on input line 9
6.
(pdftex.def)             Requested size: 221.95676pt x 41.81259pt.

<binary_flags/nextlevel/cipher.png, id=150, 332.24126pt x 75.28125pt>
File: binary_flags/nextlevel/cipher.png Graphic file (type png)

<use binary_flags/nextlevel/cipher.png>
Package pdftex.def Info: binary_flags/nextlevel/cipher.png used on input line 9
7.
(pdftex.def)             Requested size: 181.18439pt x 41.05444pt.

<binary_flags/nextlevel/ceasar.png, id=152, 578.16pt x 332.24126pt>
File: binary_flags/nextlevel/ceasar.png Graphic file (type png)

<use binary_flags/nextlevel/ceasar.png>
Package pdftex.def Info: binary_flags/nextlevel/ceasar.png used on input line 1
01.
(pdftex.def)             Requested size: 221.95676pt x 127.54573pt.

<zip_flags/testdisk.png, id=153, 627.34375pt x 494.84875pt>
File: zip_flags/testdisk.png Graphic file (type png)

<use zip_flags/testdisk.png>
Package pdftex.def Info: zip_flags/testdisk.png used on input line 106.
(pdftex.def)             Requested size: 135.89174pt x 107.19078pt.
 [5 <./binary_flags/nextlevel/radare2.png> <./binary_flags/nextlevel/hex_to_asc
ii.png> <./binary_flags/nextlevel/output.png> <./binary_flags/nextlevel/cipher.
png> <./binary_flags/nextlevel/ceasar.png> <./zip_flags/testdisk.png>]
<zip_flags/FSInc3ption/flag2.png, id=159, 963.6pt x 68.255pt>
File: zip_flags/FSInc3ption/flag2.png Graphic file (type png)

<use zip_flags/FSInc3ption/flag2.png>
Package pdftex.def Info: zip_flags/FSInc3ption/flag2.png used on input line 111
.
(pdftex.def)             Requested size: 317.07614pt x 22.45964pt.

<zip_flags/deaddrop/fcrack.png, id=160, 1389.19pt x 118.4425pt>
File: zip_flags/deaddrop/fcrack.png Graphic file (type png)

<use zip_flags/deaddrop/fcrack.png>
Package pdftex.def Info: zip_flags/deaddrop/fcrack.png used on input line 116.
(pdftex.def)             Requested size: 317.07614pt x 27.03336pt.

<pcap_flags/logmeinbro/basic.png, id=161, 899.36pt x 117.43875pt>
File: pcap_flags/logmeinbro/basic.png Graphic file (type png)

<use pcap_flags/logmeinbro/basic.png>
Package pdftex.def Info: pcap_flags/logmeinbro/basic.png used on input line 124
.
(pdftex.def)             Requested size: 294.42636pt x 38.44667pt.

<pcap_flags/logmeinbro/base64.png, id=162, 691.58376pt x 151.56625pt>
File: pcap_flags/logmeinbro/base64.png Graphic file (type png)

<use pcap_flags/logmeinbro/base64.png>
Package pdftex.def Info: pcap_flags/logmeinbro/base64.png used on input line 12
5.
(pdftex.def)             Requested size: 226.48395pt x 49.6354pt.

<pcap_flags/logmeinbro/flag.png, id=163, 537.00626pt x 334.24875pt>
File: pcap_flags/logmeinbro/flag.png Graphic file (type png)

<use pcap_flags/logmeinbro/flag.png>
Package pdftex.def Info: pcap_flags/logmeinbro/flag.png used on input line 129.

(pdftex.def)             Requested size: 226.48395pt x 140.97003pt.

<pcap_flags/haxtheplanet/decap.png, id=164, 831.105pt x 137.51375pt>
File: pcap_flags/haxtheplanet/decap.png Graphic file (type png)

<use pcap_flags/haxtheplanet/decap.png>
Package pdftex.def Info: pcap_flags/haxtheplanet/decap.png used on input line 1
34.
(pdftex.def)             Requested size: 226.48395pt x 37.47333pt.
 [6 <./zip_flags/FSInc3ption/flag2.png> <./zip_flags/deaddrop/fcrack.png> <./pc
ap_flags/logmeinbro/basic.png> <./pcap_flags/logmeinbro/base64.png> <./pcap_fla
gs/logmeinbro/flag.png> <./pcap_flags/haxtheplanet/decap.png>]
<pcap_flags/haxtheplanet/flag.png, id=171, 939.51pt x 72.27pt>
File: pcap_flags/haxtheplanet/flag.png Graphic file (type png)

<use pcap_flags/haxtheplanet/flag.png>
Package pdftex.def Info: pcap_flags/haxtheplanet/flag.png used on input line 13
8.
(pdftex.def)             Requested size: 226.48395pt x 17.42123pt.
 (./smart_roy_CSCI476_final.bbl
Underfull \hbox (badness 6608) in paragraph at lines 14--18
[]\OT1/cmr/m/n/10 Tony Lee.  Man-u-ally ex-ploit-ing tom-cat man-ager, Septem-b
er 2012.  []$\OT1/cmtt/m/n/10 http : / / blog .
 []

)
Package atveryend Info: Empty hook `BeforeClearDocument' on input line 149.
 [7 <./pcap_flags/haxtheplanet/flag.png>]
Package atveryend Info: Empty hook `AfterLastShipout' on input line 149.
 (./smart_roy_CSCI476_final.aux)
Package atveryend Info: Executing hook `AtVeryEndDocument' on input line 149.
Package atveryend Info: Executing hook `AtEndAfterFileList' on input line 149.
Package rerunfilecheck Info: File `smart_roy_CSCI476_final.out' has not changed
.
(rerunfilecheck)             Checksum: 4805B465992B6FA364B6CA516BAE3313;1241.
Package atveryend Info: Empty hook `AtVeryVeryEnd' on input line 149.
 ) 
Here is how much of TeX's memory you used:
 7948 strings out of 493304
 116884 string characters out of 6139871
 207061 words of memory out of 5000000
 11260 multiletter control sequences out of 15000+600000
 12176 words of font info for 49 fonts, out of 8000000 for 9000
 957 hyphenation exceptions out of 8191
 29i,6n,32p,767b,387s stack positions out of 5000i,500n,10000p,200000b,80000s
</usr/share/texlive/texmf-dist/fonts/type1/public/amsfonts/cm/cmbx10.pfb></us
r/share/texlive/texmf-dist/fonts/type1/public/amsfonts/cm/cmbx12.pfb></usr/shar
e/texlive/texmf-dist/fonts/type1/public/amsfonts/cm/cmr10.pfb></usr/share/texli
ve/texmf-dist/fonts/type1/public/amsfonts/cm/cmr12.pfb></usr/share/texlive/texm
f-dist/fonts/type1/public/amsfonts/cm/cmr17.pfb></usr/share/texlive/texmf-dist/
fonts/type1/public/amsfonts/cm/cmsy10.pfb></usr/share/texlive/texmf-dist/fonts/
type1/public/amsfonts/cm/cmtt10.pfb></usr/share/texlive/texmf-dist/fonts/type1/
public/amsfonts/cm/cmtt12.pfb>
Output written on smart_roy_CSCI476_final.pdf (8 pages, 1187894 bytes).
PDF statistics:
 220 PDF objects out of 1000 (max. 8388607)
 175 compressed objects within 2 object streams
 33 named destinations out of 1000 (max. 500000)
 270 words of extra memory for PDF output out of 10000 (max. 10000000)

